105
112
-39
52
237
112
191
52
158
-13
132
-99
151
184
211
33
323
33
151
79
118
132
92
138
118
151
290
52
59
46
92
112
19
264
250
79
132
165
19
151
66
118
171
-6
13
6
211
132
145
112
66
132
0
39
26
72
39
118
138
132
66
125
118
105
-6
-72
224
118
19
99
191
-52
151
171
99
66
79
138
105
310
198
66
26
39
-13
-39
92
59
184
92
46
85
244
99
297
211
-26
79
13
217
-13
-72
85
145
85
-85
112
46
151
-6
184
105
-26
52
132
184
72
66
132
-26
151
118
19
19
231
138
191
132
-13
204
283
72
151
125
125
33
165
85
52
125
79
85
39
26
59
-138
39
79
59
132
99
66
145
204
165
39
231
72
19
92
52
0
184
118
204
85
99
171
92
59
138
132
125
-6
-33
204
26
-13
-59
105
99
171
138
92
79
99
-26
66
112
231
132
158
79
211
184
26
-13
118
33
204
39
125
290
145
59
132
316
336
132
198
178
52
316
99
6
211
204
72
178
191
72
244
39
336
211
72
85
85
184
72
165
52
191
184
145
138
145
13
191
151
79
99
178
165
330
151
105
217
26
178
-72
138
257
165
217
132
72
39
19
217
59
112
118
79
132
264
138
46
132
99
99
264
118
191
171
198
132
277
99
178
92
112
13
191
85
79
138
191
-59
79
132
52
59
204
132
52
99
158
66
33
99
19
-13
151
138
92
224
138
79
59
125
165
79
178
72
112
19
138
178
184
13
85
237
145
105
66
171
138
151
270
132
59
-33
79
198
85
178
33
297
-13
191
290
244
211
204
-13
198
211
217
33
112
72
191
46
112
145
-39
26
105
191
92
158
46
237
19
178
39
244
118
204
99
145
59
112
145
132
59
-26
198
145
165
85
112
118
72
237
138
-6
85
224
191
132
79
138
99
105
151
79
33
-13
330
132
138
99
46
-26
191
211
99
99
112
79
138
204
0
112
198
-79
231
99
59
323
112
250
13
66
66
171
165
0
112
244
99
-138
211
145
257
72
85
-138
184
92
231
92
66
132
171
-59
270
99
184
26
99
46
6
79
46
-79
33
-6
26
171
165
6
151
138
39
105
178
66
198
244
171
171
72
132
112
39
118
39
125
99
72
85
66
92
244
132
-39
138
204
138
46
92
52
33
118
178
184
52
33
171
0
59
-6
132
-66
79
99
171
112
105
52
26
112
59
204
72
19
151
13
112
99
125
79
145
171
112
244
13
151
13
138
72
59
-6
72
158
79
39
151
19
-19
-92
13
72
191
85
33
46
151
125
72
198
66
138
85
231
-13
-59
19
59
112
118
92
138
171
211
-46
52
132
66
178
6
72
125
198
-39
138
-6
105
151
125
-59
85
191
138
118
158
184
112
171
132
79
52
39
138
72
171
158
165
