92
105
59
105
39
132
105
92
165
92
191
217
310
26
19
145
-59
105
112
79
59
-26
85
211
204
217
6
92
105
105
270
237
132
72
6
171
13
85
-99
59
92
72
132
79
250
244
178
85
132
145
171
99
151
178
151
105
105
92
-46
52
138
46
85
79
39
112
178
151
158
13
217
132
19
99
118
112
211
52
105
99
-6
132
132
125
158
171
151
105
257
145
151
59
191
52
59
138
270
204
151
138
178
184
0
211
145
158
-92
-39
13
244
92
125
26
151
13
59
105
59
224
59
151
79
52
250
79
46
92
79
85
217
99
191
99
105
-118
66
138
46
132
151
52
112
85
66
33
99
19
145
-13
112
6
118
171
145
-13
99
217
244
66
118
-33
26
0
138
125
184
118
85
158
158
211
158
13
158
303
191
118
112
39
66
6
138
79
105
19
59
-52
46
132
85
105
290
178
145
204
165
198
118
237
138
118
79
118
125
72
52
178
198
138
211
178
165
118
158
224
46
184
33
171
-39
33
85
52
224
145
145
0
118
59
72
178
184
-66
72
165
158
178
158
217
165
158
79
138
118
19
125
244
125
125
151
145
217
99
118
92
26
138
13
39
198
-33
39
145
151
46
257
52
158
264
0
165
92
125
105
112
46
79
224
-26
19
85
231
79
99
118
297
19
72
-13
118
85
125
171
112
92
270
72
237
19
105
125
26
184
79
105
158
112
118
105
52
224
79
-158
191
79
112
178
13
72
138
92
290
138
33
33
79
118
178
33
211
6
13
145
132
118
118
158
79
204
191
165
343
204
59
19
59
-59
158
158
165
118
257
184
231
59
138
26
171
79
145
0
250
151
105
79
79
125
138
125
244
85
184
204
66
204
92
336
158
79
52
99
-13
125
26
145
33
178
165
231
99
13
336
310
118
79
125
257
211
85
33
237
118
138
118
204
171
204
231
99
92
66
99
105
132
99
66
204
85
-33
46
92
125
85
66
72
138
145
125
165
178
99
211
211
138
244
145
-72
105
184
26
85
72
217
33
125
13
66
178
0
237
99
270
132
-46
118
250
138
92
105
112
125
19
99
105
105
72
237
145
224
145
85
72
59
171
39
105
26
26
39
132
39
118
171
59
118
231
105
211
26
171
125
125
19
204
-112
118
231
165
33
99
145
184
72
171
165
132
145
-13
92
244
46
85
132
237
-132
105
39
13
151
158
138
66
145
19
125
66
217
178
85
145
132
-46
33
-33
138
105
79
165
171
158
217
46
79
85
92
52
171
145
138
52
85
99
85
33
145
-33
118
72
92
-6
-46
66
46
171
79
92
158
171
-19
171
19
92
138
92
112
72
-26
105
112
72
99
198
33
6
33
52
184
59
224
46
33
118
99
-26
6
125
33
92
99
19
151
6
191
