442
633
633
462
541
336
435
442
448
514
402
389
462
369
514
257
422
455
468
521
343
475
409
442
514
409
508
455
475
415
448
521
382
521
488
501
488
541
448
633
508
448
422
462
402
382
429
547
508
349
422
442
468
640
475
514
349
455
363
415
627
429
547
521
488
521
528
468
336
528
389
429
376
580
488
528
481
396
462
330
514
402
541
468
600
330
455
528
653
481
448
448
376
475
547
488
396
521
462
448
528
409
514
455
653
349
587
455
435
567
409
501
415
481
528
462
475
323
435
389
613
435
455
488
488
541
488
554
547
429
369
442
343
336
554
468
495
462
448
415
442
336
455
448
561
462
310
468
495
514
501
693
448
363
422
567
580
534
422
442
415
363
455
429
303
567
528
382
534
508
462
462
495
415
442
376
376
376
356
600
409
468
514
448
475
547
369
521
303
501
382
514
481
396
501
554
488
508
382
528
686
904
1056
811
1254
970
950
990
937
930
752
897
924
1023
1036
884
957
897
1056
739
970
1227
1062
851
1102
1214
1122
917
1267
943
937
1293
1141
818
963
1188
1201
1108
1062
838
897
976
897
1042
739
1056
1095
1108
1042
1029
739
957
1115
712
778
1003
1254
864
1108
858
963
1082
1161
996
1042
1141
897
864
983
937
1306
1036
897
996
1082
990
891
937
778
1095
1009
897
983
858
891
1069
1108
778
1003
1181
937
910
950
1135
858
970
1155
943
1168
990
1029
1029
785
1095
1128
1082
996
957
1062
798
1016
1234
983
983
1108
917
1036
1108
937
726
1168
871
811
970
1056
778
1016
1102
924
976
924
838
1049
990
745
990
950
970
996
970
897
1029
1115
871
1273
937
805
910
970
1075
858
1227
1082
924
1155
838
785
891
745
805
825
838
917
825
1102
996
1207
1141
851
976
976
1042
884
976
950
844
943
891
1016
904
897
943
712
1089
1016
891
1036
864
864
983
1069
910
884
957
1141
811
1042
1029
891
897
1062
772
693
574
567
607
415
508
488
448
409
495
475
613
363
376
528
580
514
528
554
435
594
389
574
501
501
495
422
554
541
495
521
528
693
567
488
514
429
442
429
475
468
613
435
508
607
495
455
422
620
514
521
475
475
633
627
462
811
627
567
462
435
382
448
468
475
343
435
534
580
429
442
409
567
270
448
627
554
448
547
587
600
501
521
488
521
528
587
541
567
528
481
508
429
448
514
409
475
475
534
547
554
640
508
580
462
547
501
561
468
468
475
481
521
508
501
481
475
475
448
409
429
363
422
462
488
462
448
528
475
574
316
620
514
521
528
534
574
349
534
508
389
541
442
369
574
442
369
521
442
508
574
528
567
468
415
481
567
409
442
528
521
349
501
600
521
462
488
396
429
508
442
442
475
607
528
488
501
481
580
488
673
732
561
389
429
330
455
495
422
283
481
554
501
561
415
455
