462
580
534
415
534
521
580
660
488
508
574
594
468
462
600
448
508
330
468
580
600
382
435
567
462
495
376
620
541
567
554
613
521
409
415
495
745
435
514
594
607
475
409
567
495
442
594
343
429
567
369
574
561
422
376
534
666
600
369
488
547
574
488
349
554
429
528
587
587
462
574
422
415
455
607
521
488
514
396
462
290
402
475
316
587
528
508
369
396
448
448
468
415
521
475
455
396
521
514
462
660
508
382
534
415
600
363
501
488
508
534
528
501
455
455
415
501
396
435
455
666
481
547
462
521
613
508
468
488
587
501
455
330
448
409
521
488
574
448
396
462
627
521
435
646
508
528
660
554
534
481
508
732
448
435
402
561
514
448
514
508
455
442
389
640
303
462
422
514
508
475
475
442
462
422
475
343
580
448
422
462
580
264
495
415
528
495
534
501
422
627
521
481
415
679
574
488
442
415
495
455
1069
587
943
950
673
1082
957
1174
660
1207
1069
1240
1003
884
950
1214
1062
1273
772
1042
858
937
1003
785
1069
1135
435
574
1062
1049
752
1062
970
930
778
594
620
1036
594
950
627
732
752
1049
1009
943
1161
963
1095
1181
943
574
1003
871
838
785
1069
646
950
1009
752
897
745
1036
778
1003
983
1273
1036
917
950
1359
1234
1221
957
732
917
1069
580
818
1056
1201
838
990
818
831
600
996
1122
1194
1207
891
1194
1062
844
996
897
864
950
1016
1036
943
679
778
924
1234
765
594
534
785
831
877
943
594
970
561
924
825
996
1062
554
943
1181
983
1155
877
1062
1082
1016
957
924
1009
838
792
937
600
792
957
1056
541
996
580
950
1049
633
904
594
904
970
686
930
1009
1056
1227
924
1016
950
514
1023
1168
1016
884
930
957
726
1042
904
1207
1188
1075
772
851
943
765
1181
910
844
693
1122
930
1155
864
765
778
1003
891
917
811
1168
976
1227
884
838
990
1214
1049
1214
1207
1141
996
660
587
541
495
534
468
567
561
415
547
508
448
356
448
396
528
587
442
561
369
521
561
508
468
316
541
448
534
514
607
356
541
343
640
541
475
442
455
501
462
435
429
521
547
514
554
475
488
547
554
389
508
567
462
561
521
488
534
343
547
462
389
554
495
534
422
679
415
455
607
561
343
415
514
501
481
627
547
297
587
561
448
448
607
561
567
422
679
508
363
495
429
389
442
442
389
554
600
640
462
396
481
442
541
488
521
528
468
382
620
607
429
303
495
561
376
442
561
270
495
541
554
508
554
580
521
349
613
409
356
561
620
547
534
528
620
316
283
534
468
521
435
508
415
514
455
653
514
277
488
514
468
283
448
495
640
501
528
475
561
475
448
396
415
316
462
455
534
297
534
389
448
389
349
356
594
495
363
514
396
468
561
481
501
475
455
475
620
587
646
501
475
462
481
435
415
587
699
567
