422
528
547
580
620
429
627
455
594
613
554
561
488
594
356
521
574
468
640
389
488
429
653
587
633
580
541
541
495
514
528
415
521
376
415
442
442
481
376
435
554
488
528
495
574
660
699
541
528
561
508
475
541
528
627
389
534
607
501
462
448
468
495
481
607
481
389
561
521
468
488
462
646
462
462
442
481
495
495
587
594
435
580
521
468
376
389
627
448
495
382
481
415
455
475
501
547
369
429
396
508
627
356
415
475
481
488
521
481
528
501
481
369
574
580
435
356
409
462
475
508
481
508
382
356
613
462
415
402
561
442
580
396
481
369
462
633
415
699
429
508
481
349
501
415
442
369
376
455
488
488
409
290
534
376
310
594
369
541
475
488
468
442
462
330
442
462
567
389
495
488
528
501
455
455
402
508
349
495
435
481
501
567
442
488
508
475
448
481
594
699
567
396
435
600
508
389
330
448
402
574
547
778
732
640
679
739
686
719
778
765
653
732
871
693
554
798
825
831
765
792
699
792
541
580
660
679
732
686
818
679
706
811
712
686
732
594
660
653
679
693
811
640
686
726
772
693
640
706
831
778
732
646
580
594
792
765
759
752
640
805
693
719
640
732
679
600
739
752
699
759
732
574
534
798
660
818
646
567
798
706
924
666
752
785
653
693
633
745
699
666
844
765
719
686
679
712
706
693
891
811
712
719
706
726
673
798
838
633
646
739
686
613
877
765
660
699
653
719
765
580
706
719
633
580
732
785
838
640
719
693
759
811
712
765
673
534
897
693
792
745
600
627
666
792
858
719
686
726
673
686
673
752
607
732
745
653
772
851
640
739
765
785
759
726
620
660
745
646
745
561
679
838
666
679
686
640
745
772
666
561
620
699
897
693
554
712
627
673
693
607
679
772
805
686
732
706
726
679
660
679
627
580
693
587
640
442
330
475
389
508
501
488
521
481
534
435
547
402
303
422
455
508
435
429
396
481
521
455
396
481
541
409
336
455
422
435
613
699
567
429
481
343
547
475
422
376
534
455
468
462
508
495
435
415
435
488
508
541
422
448
495
640
745
501
528
448
389
442
389
534
547
534
561
297
488
481
468
567
488
455
462
396
396
409
699
448
415
422
429
580
382
567
468
389
356
462
343
435
462
448
316
435
495
501
587
349
521
521
514
336
402
521
653
528
488
567
435
534
660
488
363
409
363
448
475
435
567
501
376
363
442
508
429
396
501
435
567
316
488
541
402
409
369
468
554
547
528
409
468
455
448
455
508
422
607
442
455
488
448
508
468
409
508
468
547
448
429
541
528
488
435
547
396
541
330
508
389
541
369
633
435
488
501
600
561
567
250
561
448
336
495
574
343
495
488
409
495
468
528
343
382
448
