224
165
-6
66
178
105
66
198
6
105
224
46
204
125
0
165
33
79
171
46
-59
33
105
151
105
-39
19
105
118
52
39
118
66
26
244
145
-6
158
277
125
0
125
85
33
132
171
112
270
165
264
46
231
0
13
310
-46
270
79
105
85
13
336
92
184
178
92
59
85
138
270
151
211
99
-138
330
145
145
112
99
191
46
165
-46
66
46
112
204
132
-19
92
211
85
26
52
33
59
59
118
191
46
19
85
132
184
105
118
-26
79
178
-13
99
184
99
112
132
66
26
-6
92
92
-52
171
99
72
39
-26
132
198
72
132
79
165
184
118
79
59
85
92
72
59
72
191
99
283
204
112
178
46
125
151
26
92
264
13
165
118
13
52
26
105
264
0
138
13
125
46
198
184
145
79
204
72
0
-33
264
19
138
158
217
132
132
105
125
33
132
6
138
125
72
138
92
92
138
132
46
-39
85
151
33
125
99
72
79
85
198
-46
59
125
72
125
204
46
79
112
66
39
59
85
145
99
118
112
79
0
125
19
-33
184
171
19
59
158
184
66
138
105
26
112
59
138
171
112
19
191
237
92
211
231
158
72
112
145
52
198
204
59
-52
198
6
66
99
-13
-105
13
13
-13
145
-204
198
39
79
138
211
165
270
204
211
178
125
184
52
46
105
39
184
79
92
-26
290
-52
165
99
19
6
184
66
99
184
145
112
-19
132
158
33
178
26
145
39
217
0
231
244
118
237
118
158
-59
66
112
105
99
66
191
151
85
237
99
79
217
-19
191
125
171
92
217
112
-33
6
145
184
270
211
151
191
-39
171
-33
158
105
184
13
72
125
112
132
217
79
59
72
26
0
132
66
132
138
165
132
105
92
191
-13
52
66
13
92
151
92
264
52
138
99
145
125
59
105
99
66
138
-66
52
151
26
132
231
316
118
217
118
132
158
270
165
19
151
79
99
79
217
132
46
132
39
79
19
-13
66
105
52
85
-33
72
59
66
92
125
132
-13
39
26
52
6
112
211
92
99
52
52
132
204
59
0
79
151
184
125
39
85
0
132
138
46
59
-19
-66
151
211
171
184
0
132
151
125
138
33
138
244
178
217
99
52
257
-66
-26
92
59
145
52
198
85
26
138
-19
191
-79
72
13
92
26
184
165
99
-39
85
165
158
-46
79
145
151
132
52
184
191
46
178
-66
99
99
151
138
52
66
-19
316
92
85
178
26
151
118
13
79
85
198
26
-52
33
244
145
52
79
244
250
-33
46
13
231
211
-33
105
171
39
19
33
224
-26
33
132
79
85
79
171
72
118
138
46
66
158
145
6
-72
184
79
-33
125
165
125
39
39
0
204
39
-125
79
138
99
-52
26
138
105
0
231
237
-59
-79
132
46
39
-33
26
105
-6
138
191
-52
26
125
52
171
-112
178
330
151
72
132
158
