-33
231
85
66
79
145
151
112
52
79
198
13
138
26
118
151
237
145
204
33
184
244
250
66
39
85
19
72
-66
46
125
112
171
39
33
105
151
99
244
79
99
105
125
224
72
-26
46
39
118
33
46
217
158
66
-145
0
13
52
125
-26
-26
85
85
303
52
257
-19
165
330
46
145
224
217
191
52
244
132
112
105
52
92
79
33
132
79
19
211
99
39
39
59
19
85
99
145
79
99
290
-6
231
66
59
118
52
-125
66
184
72
145
85
118
138
118
85
-26
171
250
171
92
132
165
264
198
0
125
145
85
99
92
290
72
132
-19
6
85
198
105
59
132
171
151
85
85
13
138
59
165
112
39
39
257
-52
52
26
79
99
217
6
-13
85
-92
184
13
198
118
85
105
151
112
112
66
105
85
59
46
0
33
138
138
85
92
59
145
105
19
39
145
118
132
-59
178
92
165
39
105
-26
-66
191
165
184
158
237
165
198
46
79
85
145
52
105
145
99
-105
303
118
132
237
72
72
158
125
13
165
198
132
138
85
184
-39
72
204
59
46
79
26
125
191
125
99
66
165
211
145
257
224
-19
-39
125
171
165
-39
132
257
85
118
118
217
217
178
46
211
165
158
52
-72
158
178
145
-33
99
0
112
316
171
39
0
66
198
99
79
112
92
-99
171
-59
99
178
125
79
33
178
290
184
99
52
52
59
125
85
39
-39
198
99
66
66
198
184
59
224
13
13
0
19
66
52
19
46
204
66
66
52
125
46
178
-39
33
-6
184
151
92
191
59
316
138
125
151
66
99
145
66
145
145
132
217
-52
92
85
125
264
0
191
184
59
52
46
138
72
171
158
79
39
99
204
39
125
165
231
99
19
112
85
165
-39
79
52
59
198
26
-33
19
13
92
39
112
125
204
79
-6
217
26
39
85
132
138
191
264
52
72
264
105
118
-26
33
118
99
33
125
250
112
-13
125
224
151
105
105
33
46
79
112
79
39
125
-92
118
191
-13
33
158
105
270
66
138
39
330
-92
79
112
6
145
118
184
-39
52
118
224
-6
105
-66
-13
125
19
19
39
145
19
-52
92
99
79
118
39
46
92
19
132
178
-19
158
178
204
125
125
145
13
-6
13
26
39
171
0
92
184
52
165
19
171
85
231
39
59
39
79
158
99
59
198
59
72
125
165
39
-46
92
85
158
105
151
92
33
151
145
59
244
145
165
-33
59
0
46
0
72
99
198
79
39
118
19
-66
211
-99
105
178
198
52
118
-66
151
244
125
52
151
52
79
92
112
26
-112
66
79
132
158
99
217
26
39
0
105
178
158
165
52
19
191
145
158
165
72
-13
112
-33
99
-6
132
59
231
198
33
138
79
151
105
99
85
-13
112
85
198
39
39
125
6
99
13
72
85
39
138
52
