653
580
587
429
653
633
554
620
574
620
534
567
468
495
693
600
633
600
666
481
640
594
732
666
633
693
534
759
792
580
613
508
468
336
547
679
508
448
653
633
547
699
422
501
475
587
627
561
514
620
587
607
561
442
567
613
475
501
495
448
666
382
534
462
534
620
620
600
627
660
673
561
745
468
514
574
620
554
765
534
594
613
455
501
580
528
627
547
534
468
620
574
798
745
620
501
594
660
514
706
627
541
547
587
587
534
633
620
660
646
633
613
666
547
666
587
726
580
633
627
699
600
613
534
488
481
495
693
620
712
435
541
666
633
567
620
620
745
620
594
541
666
811
534
580
633
514
653
488
745
574
627
745
719
528
468
462
534
534
488
613
508
462
554
607
561
475
646
541
514
356
594
508
745
574
666
778
574
429
594
693
554
620
567
481
673
633
594
660
382
554
455
580
646
574
693
600
594
646
666
844
699
693
719
752
778
877
673
679
666
640
547
547
666
712
580
607
528
554
541
600
646
534
613
673
475
567
488
528
607
646
495
640
580
534
554
772
521
607
613
514
633
508
508
580
640
627
488
686
607
594
693
646
666
587
594
765
633
732
666
462
514
429
785
620
508
666
666
613
693
726
666
726
468
660
541
660
627
732
673
607
528
554
739
653
686
462
574
613
415
481
613
501
646
594
468
706
448
600
607
679
607
640
521
587
653
600
574
528
594
580
627
448
660
501
501
554
607
673
640
528
481
574
627
528
686
646
422
1353
1194
1267
1095
1128
1029
1029
1148
1095
1036
1062
1425
1089
1108
1326
970
1056
1174
1366
1128
1174
1379
1221
1009
1082
1115
1128
1135
1188
1214
1141
1207
1313
1207
1247
1181
1128
1174
1161
1161
1306
1372
1207
1075
1471
1254
937
1003
693
792
917
765
990
910
712
970
1062
910
996
1029
772
831
811
739
785
778
706
844
943
963
1036
785
917
1016
1003
950
1009
811
772
1108
924
990
897
1042
897
904
924
752
772
930
943
1003
831
910
831
792
864
811
739
864
1009
772
785
739
627
673
772
818
594
594
752
686
706
818
765
785
752
600
679
481
686
805
343
699
660
541
475
567
554
580
620
666
693
435
607
547
666
712
633
567
653
501
534
567
613
409
561
798
554
745
561
580
719
646
871
811
666
877
673
514
646
646
745
699
600
580
673
666
660
739
541
554
778
693
666
759
554
514
594
547
633
514
508
541
653
719
501
712
653
488
600
620
693
495
561
587
495
594
699
686
561
541
686
541
673
646
435
600
567
666
686
831
495
613
627
508
673
574
706
567
646
448
475
587
495
620
547
462
607
534
594
495
646
349
481
495
613
594
587
752
627
495
468
640
607
778
528
673
567
541
633
547
580
613
567
514
396
712
462
534
627
567
508
752
693
567
653
574
495
435
719
468
