42842
43816
42355
44303
42842
42842
43329
43816
43329
42842
43329
43329
43329
42842
43329
42355
43816
42842
42842
43816
42355
43329
43329
42842
43816
42842
42355
42842
43329
43329
43329
43329
43329
42355
42842
42355
42355
43329
43816
43816
43816
43816
41868
43816
43329
43816
43329
43329
43329
42842
42842
43816
42355
43329
43329
42842
41868
41381
42842
43329
42355
43329
42355
42355
43329
43816
43816
43816
43329
43329
43329
42355
42842
42355
43816
43816
42842
41868
43816
42842
43816
42842
42842
43816
43329
42842
42842
43329
42842
42355
43816
41381
42842
42842
42842
43329
42842
42842
42842
42842
42355
43329
42842
43329
43816
41868
42842
41868
42842
42842
42355
42842
42355
42842
43816
43329
43329
43329
43329
42842
41868
42355
43816
43816
42842
41868
42355
42355
43329
43329
42842
43329
42842
43329
43816
43329
42842
43329
43329
42355
41868
43329
42842
43816
43329
43329
43329
42842
42355
42355
43329
42842
42355
42842
43329
42842
42355
42355
42355
42355
43329
42842
42355
42355
42842
41381
42355
41868
42842
43329
42355
42355
42355
42842
42842
43329
42842
42842
43816
42842
42842
43329
42842
43816
43816
42355
42355
42355
41381
42842
42355
42355
41868
42842
42355
43329
41868
42842
41381
42842
42355
41868
41868
43816
42355
43329
43329
42842
41868
42842
43329
42355
42842
42355
42842
42842
42355
42842
42355
42355
44303
42355
43329
42355
42355
42842
42355
43816
43329
43329
43329
43329
42842
41868
43816
43329
43329
42842
43329
43329
42842
41868
43329
42842
43329
44303
42355
42355
43329
42842
42355
42355
42355
42355
41868
43816
41381
42842
42355
43329
41381
43816
43816
43329
43329
42355
41868
42842
41868
43329
43816
42355
42842
42355
43329
42355
43329
43329
42355
43329
42842
42842
42355
42842
42842
41381
43329
42842
42842
41868
42842
43816
43329
42355
43816
43329
42355
43329
42355
42842
43329
41868
42355
43816
42355
43816
42355
42842
42355
43329
42355
42842
42355
42355
42842
42842
42355
43816
42842
43329
42355
42842
42842
43816
42355
42355
43816
43329
45277
46251
45764
45764
46251
47225
45764
47712
47712
47712
48686
48199
48686
49173
49173
49660
50147
51121
50147
49660
50147
50634
50147
51608
51608
50147
50147
51608
51608
50634
51608
51121
50147
52095
53069
52582
51608
53069
52582
51121
52095
52095
52582
51608
51121
49173
50147
50147
49660
48686
49173
49173
48686
48199
49173
49173
47712
48686
48686
48686
48686
48199
48686
47712
48686
48686
47712
48199
48199
47225
48199
48199
47712
47225
48686
48686
47712
47712
47712
46738
47712
47225
47712
47225
47225
46251
46738
46251
47225
47225
46738
46738
46251
47225
47712
47225
46738
46251
46251
45764
46738
46738
47225
46738
46251
45277
46251
46738
45764
46251
46251
46251
46251
46251
45764
46738
45277
47225
45764
46251
44790
46251
47225
46251
46251
45764
46251
46251
46738
45764
46738
45764
46738
45277
45764
45764
45764
45764
45764
46738
46738
45277
45277
44303
46251
45764
45277
45277
44790
45277
46738
45277
46251
44790
45764
46738
45277
45764
46738
45764
44790
45277
45764
46251
45764
46251
46251
45277
45277
45277
45277
45764
43816
45764
45277
46738
45277
44303
44790
44790
45764
45277
45277
44790
45277
45277
45764
45277
45277
45764
44790
45277
44790
45764
44790
45277
44790
45277
44790
45277
45764
45764
45764
45764
45277
44790
44790
45277
44790
44303
45277
45277
45764
44303
45277
44790
44790
44790
45764
44303
44790
44790
43816
45277
45277
44790
43816
44303
44303
44790
45277
45277
44790
43816
45277
45764
45277
45277
45277
45764
44303
44790
43816
45277
43816
44303
44790
44303
43816
44790
45277
44790
45277
44303
45764
44303
44303
45277
45277
45277
44790
44790
43816
44303
45764
44790
45277
43816
44790
45277
45277
45277
