514
561
554
495
521
574
514
666
442
468
402
501
508
488
547
363
462
455
580
521
547
389
495
475
488
547
600
508
376
561
468
455
442
343
415
422
455
646
481
409
541
349
382
488
567
501
442
554
574
653
455
448
501
303
455
415
429
580
765
402
402
666
409
534
534
475
574
462
415
534
521
528
448
508
508
501
501
528
402
376
330
402
363
481
673
462
607
574
363
561
574
514
541
508
514
528
574
574
356
270
488
422
481
349
468
574
488
594
475
481
541
448
455
501
567
422
541
508
448
660
508
521
587
468
561
495
442
521
396
514
376
402
343
475
501
435
600
594
429
435
422
547
462
448
488
508
415
613
356
435
534
554
481
409
422
376
442
521
620
468
448
580
376
653
468
468
435
448
468
382
442
415
455
382
554
488
587
653
521
435
435
250
587
521
554
435
435
422
547
363
462
343
495
699
363
640
409
508
534
409
587
778
567
574
508
765
541
745
627
495
600
633
686
673
673
587
422
442
534
594
561
600
660
547
646
653
805
640
673
646
673
633
627
646
613
501
640
580
660
580
580
409
620
600
528
633
607
567
633
409
541
514
627
475
528
719
554
534
547
706
600
726
613
448
528
481
686
627
640
567
699
745
620
488
706
699
600
567
613
600
613
481
554
514
640
587
574
587
587
633
666
567
613
653
646
805
594
567
666
594
600
653
752
772
587
613
627
607
759
646
620
554
580
739
567
699
587
607
495
640
660
719
594
660
660
739
745
719
686
587
554
587
587
594
561
528
587
567
633
871
640
732
798
554
640
600
547
679
679
587
422
574
699
613
600
613
699
561
686
514
640
587
594
679
534
712
541
547
600
811
554
719
547
699
501
765
792
613
580
679
699
712
587
528
726
613
640
633
679
627
613
627
719
587
726
666
594
521
732
514
679
547
706
811
580
587
627
594
554
587
646
646
561
422
646
587
508
528
501
600
435
554
343
547
429
600
567
448
561
561
422
481
587
402
521
415
594
574
488
435
620
528
600
561
495
323
396
521
409
501
462
402
561
554
528
448
620
369
495
495
541
409
501
587
475
554
435
468
620
475
600
382
534
508
435
303
270
495
541
475
435
521
653
481
455
541
541
561
528
561
528
514
594
435
349
541
633
574
501
481
594
415
580
363
468
488
455
627
587
448
528
554
541
448
468
514
481
455
468
521
640
349
442
402
514
442
514
442
561
567
468
475
528
528
442
541
488
554
481
495
547
501
396
442
620
475
488
475
561
501
660
508
429
501
468
594
501
541
481
501
442
554
528
488
448
534
501
382
448
382
633
607
442
508
547
455
462
541
580
567
495
396
534
448
475
376
415
620
547
554
488
422
376
481
594
349
356
679
541
501
481
402
382
