752
693
600
594
567
653
693
475
488
554
508
660
567
613
501
607
693
554
653
620
792
501
778
534
673
547
712
481
580
554
726
514
514
514
706
580
567
455
580
613
547
554
607
699
561
666
514
528
468
620
389
613
547
495
528
488
699
587
574
613
580
607
607
633
600
745
627
653
620
547
547
594
521
554
673
600
745
594
745
580
534
580
792
772
455
673
528
488
633
561
600
712
481
422
501
686
719
613
587
475
547
561
620
646
600
633
580
574
646
514
613
693
554
673
442
396
488
541
600
574
580
528
706
633
495
607
521
574
613
640
613
495
653
488
712
547
462
580
481
613
679
587
435
528
699
620
554
561
660
719
679
422
534
528
547
712
521
488
521
481
554
640
508
481
442
488
554
534
594
528
369
475
693
679
462
508
640
759
653
541
673
706
508
501
693
521
693
613
376
646
501
587
495
706
462
455
468
587
468
435
646
627
501
679
435
673
752
792
792
640
679
594
547
521
600
706
600
594
521
514
818
620
712
481
633
699
580
594
574
607
508
587
488
646
554
435
534
646
673
521
627
699
706
554
580
541
600
528
679
528
580
613
475
475
567
587
580
495
653
600
574
462
633
541
587
534
726
699
448
554
462
580
534
475
594
574
567
633
415
653
561
475
699
547
607
561
475
376
495
613
514
435
653
594
580
627
488
640
547
541
356
600
495
554
607
554
594
514
521
534
653
607
429
554
620
679
693
633
567
732
613
792
686
633
594
402
640
594
495
488
660
693
528
673
607
554
759
712
488
633
442
587
627
541
613
580
600
481
666
541
765
673
528
508
633
468
462
613
521
541
554
666
547
521
528
646
541
534
580
508
620
627
462
574
706
508
547
706
547
462
587
481
633
567
554
475
712
541
561
528
534
349
521
607
521
679
475
528
574
475
567
739
673
402
495
528
613
699
620
521
501
429
666
429
514
541
580
541
501
620
719
541
435
613
798
600
706
640
673
514
547
633
554
627
534
633
600
514
534
580
528
580
594
594
693
640
534
600
600
488
587
600
462
640
462
580
422
726
752
732
600
580
409
600
653
613
587
567
587
620
554
607
475
468
521
554
488
666
587
508
534
726
580
587
580
501
620
567
627
541
627
686
541
462
488
528
481
508
475
699
693
567
547
607
534
580
508
514
521
277
660
567
653
627
627
541
613
620
778
547
561
759
587
613
574
567
673
646
587
653
574
587
554
660
627
831
547
508
653
508
481
422
660
495
719
554
495
554
594
587
706
627
528
567
580
534
732
653
838
640
679
547
495
607
732
501
481
580
409
534
620
488
798
633
508
627
554
561
580
693
475
521
607
600
666
554
455
488
435
567
495
706
653
811
646
541
448
